Copyright 1986-2020 Xilinx, Inc. All Rights Reserved.
---------------------------------------------------------------------------------------
| Tool Version : Vivado v.2020.2 (lin64) Build 3064766 Wed Nov 18 09:12:47 MST 2020
| Date         : Sun Jul 25 07:24:17 2021
| Host         : android-6e99548312af8616 running 64-bit unknown
| Command      : report_control_sets -verbose -file sensor_luz_control_sets_placed.rpt
| Design       : sensor_luz
| Device       : xc7a35t
---------------------------------------------------------------------------------------

Control Set Information

Table of Contents
-----------------
1. Summary
2. Histogram
3. Flip-Flop Distribution
4. Detailed Control Set Information

1. Summary
----------

+----------------------------------------------------------+-------+
|                          Status                          | Count |
+----------------------------------------------------------+-------+
| Total control sets                                       |     5 |
|    Minimum number of control sets                        |     5 |
|    Addition due to synthesis replication                 |     0 |
|    Addition due to physical synthesis replication        |     0 |
| Unused register locations in slices containing registers |    21 |
+----------------------------------------------------------+-------+
* Control sets can be merged at opt_design using control_set_merge or merge_equivalent_drivers
** Run report_qor_suggestions for automated merging and remapping suggestions


2. Histogram
------------

+--------------------+-------+
|       Fanout       | Count |
+--------------------+-------+
| Total control sets |     5 |
| >= 0 to < 4        |     2 |
| >= 4 to < 6        |     0 |
| >= 6 to < 8        |     0 |
| >= 8 to < 10       |     0 |
| >= 10 to < 12      |     0 |
| >= 12 to < 14      |     1 |
| >= 14 to < 16      |     0 |
| >= 16              |     2 |
+--------------------+-------+
* Control sets can be remapped at either synth_design or opt_design


3. Flip-Flop Distribution
-------------------------

+--------------+-----------------------+------------------------+-----------------+--------------+
| Clock Enable | Synchronous Set/Reset | Asynchronous Set/Reset | Total Registers | Total Slices |
+--------------+-----------------------+------------------------+-----------------+--------------+
| No           | No                    | No                     |               2 |            2 |
| No           | No                    | Yes                    |               2 |            1 |
| No           | Yes                   | No                     |               0 |            0 |
| Yes          | No                    | No                     |               0 |            0 |
| Yes          | No                    | Yes                    |              63 |           22 |
| Yes          | Yes                   | No                     |              16 |            6 |
+--------------+-----------------------+------------------------+-----------------+--------------+


4. Detailed Control Set Information
-----------------------------------

+----------------------------------+-----------------------------+------------------+------------------+----------------+--------------+
|           Clock Signal           |        Enable Signal        | Set/Reset Signal | Slice Load Count | Bel Load Count | Bels / Slice |
+----------------------------------+-----------------------------+------------------+------------------+----------------+--------------+
|  clk_IBUF_BUFG                   |                             |                  |                2 |              2 |         1.00 |
|  clk_IBUF_BUFG                   |                             | rst_IBUF         |                1 |              2 |         2.00 |
|  sclk_clock/ff_t_0/sclk_led_OBUF | cs_clock/ff_t_0/cs_led_OBUF | rst_IBUF         |                8 |             12 |         1.50 |
|  clk_IBUF_BUFG                   | cs_clock/ff_t_0/E[0]        | rst_IBUF         |                6 |             16 |         2.67 |
|  clk_IBUF_BUFG                   | cs_clock/delay_i/enable     | rst_IBUF         |               14 |             51 |         3.64 |
+----------------------------------+-----------------------------+------------------+------------------+----------------+--------------+


