Analysis & Synthesis report for multiplier
Mon Sep 27 19:13:28 2021
Quartus Prime Version 20.1.1 Build 720 11/11/2020 SJ Lite Edition


---------------------
; Table of Contents ;
---------------------
  1. Legal Notice
  2. Analysis & Synthesis Summary
  3. Analysis & Synthesis Settings
  4. Parallel Compilation
  5. Analysis & Synthesis Source Files Read
  6. Analysis & Synthesis Resource Usage Summary
  7. Analysis & Synthesis Resource Utilization by Entity
  8. Registers Removed During Synthesis
  9. General Register Statistics
 10. Parameter Settings for User Entity Instance: multiplicador:comb_3|shift_left_n_register:reg_0
 11. Parameter Settings for User Entity Instance: multiplicador:comb_3|shift_left_n_register:reg_1
 12. Parameter Settings for User Entity Instance: multiplicador:comb_3|shift_left_n_register:reg_2
 13. Parameter Settings for User Entity Instance: multiplicador:comb_3|shift_left_n_register:reg_3
 14. Parameter Settings for User Entity Instance: multiplicador:comb_3|shift_left_n_register:reg_4
 15. Parameter Settings for User Entity Instance: register_n:comb_7
 16. Port Connectivity Checks: "BCD:comb_10"
 17. Port Connectivity Checks: "register_n:comb_7"
 18. Port Connectivity Checks: "multiplicador:comb_3"
 19. Post-Synthesis Netlist Statistics for Top Partition
 20. Elapsed Time Per Partition
 21. Analysis & Synthesis Messages



----------------
; Legal Notice ;
----------------
Copyright (C) 2020  Intel Corporation. All rights reserved.
Your use of Intel Corporation's design tools, logic functions 
and other software and tools, and any partner logic 
functions, and any output files from any of the foregoing 
(including device programming or simulation files), and any 
associated documentation or information are expressly subject 
to the terms and conditions of the Intel Program License 
Subscription Agreement, the Intel Quartus Prime License Agreement,
the Intel FPGA IP License Agreement, or other applicable license
agreement, including, without limitation, that your use is for
the sole purpose of programming logic devices manufactured by
Intel and sold by Intel or its authorized distributors.  Please
refer to the applicable agreement for further details, at
https://fpgasoftware.intel.com/eula.



+-------------------------------------------------------------------------------+
; Analysis & Synthesis Summary                                                  ;
+---------------------------------+---------------------------------------------+
; Analysis & Synthesis Status     ; Successful - Mon Sep 27 19:13:28 2021       ;
; Quartus Prime Version           ; 20.1.1 Build 720 11/11/2020 SJ Lite Edition ;
; Revision Name                   ; multiplier                                  ;
; Top-level Entity Name           ; multiplier                                  ;
; Family                          ; Cyclone V                                   ;
; Logic utilization (in ALMs)     ; N/A                                         ;
; Total registers                 ; 32                                          ;
; Total pins                      ; 35                                          ;
; Total virtual pins              ; 0                                           ;
; Total block memory bits         ; 0                                           ;
; Total DSP Blocks                ; 0                                           ;
; Total HSSI RX PCSs              ; 0                                           ;
; Total HSSI PMA RX Deserializers ; 0                                           ;
; Total HSSI TX PCSs              ; 0                                           ;
; Total HSSI PMA TX Serializers   ; 0                                           ;
; Total PLLs                      ; 0                                           ;
; Total DLLs                      ; 0                                           ;
+---------------------------------+---------------------------------------------+


+---------------------------------------------------------------------------------------------------------------------------+
; Analysis & Synthesis Settings                                                                                             ;
+---------------------------------------------------------------------------------+--------------------+--------------------+
; Option                                                                          ; Setting            ; Default Value      ;
+---------------------------------------------------------------------------------+--------------------+--------------------+
; Device                                                                          ; 5CSXFC6D6F31C6     ;                    ;
; Top-level entity name                                                           ; multiplier         ; multiplier         ;
; Family name                                                                     ; Cyclone V          ; Cyclone V          ;
; Use smart compilation                                                           ; Off                ; Off                ;
; Enable parallel Assembler and Timing Analyzer during compilation                ; On                 ; On                 ;
; Enable compact report table                                                     ; Off                ; Off                ;
; Restructure Multiplexers                                                        ; Auto               ; Auto               ;
; MLAB Add Timing Constraints For Mixed-Port Feed-Through Mode Setting Don't Care ; Off                ; Off                ;
; Create Debugging Nodes for IP Cores                                             ; Off                ; Off                ;
; Preserve fewer node names                                                       ; On                 ; On                 ;
; Intel FPGA IP Evaluation Mode                                                   ; Enable             ; Enable             ;
; Verilog Version                                                                 ; Verilog_2001       ; Verilog_2001       ;
; VHDL Version                                                                    ; VHDL_1993          ; VHDL_1993          ;
; State Machine Processing                                                        ; Auto               ; Auto               ;
; Safe State Machine                                                              ; Off                ; Off                ;
; Extract Verilog State Machines                                                  ; On                 ; On                 ;
; Extract VHDL State Machines                                                     ; On                 ; On                 ;
; Ignore Verilog initial constructs                                               ; Off                ; Off                ;
; Iteration limit for constant Verilog loops                                      ; 5000               ; 5000               ;
; Iteration limit for non-constant Verilog loops                                  ; 250                ; 250                ;
; Add Pass-Through Logic to Inferred RAMs                                         ; On                 ; On                 ;
; Infer RAMs from Raw Logic                                                       ; On                 ; On                 ;
; Parallel Synthesis                                                              ; On                 ; On                 ;
; DSP Block Balancing                                                             ; Auto               ; Auto               ;
; NOT Gate Push-Back                                                              ; On                 ; On                 ;
; Power-Up Don't Care                                                             ; On                 ; On                 ;
; Remove Redundant Logic Cells                                                    ; Off                ; Off                ;
; Remove Duplicate Registers                                                      ; On                 ; On                 ;
; Ignore CARRY Buffers                                                            ; Off                ; Off                ;
; Ignore CASCADE Buffers                                                          ; Off                ; Off                ;
; Ignore GLOBAL Buffers                                                           ; Off                ; Off                ;
; Ignore ROW GLOBAL Buffers                                                       ; Off                ; Off                ;
; Ignore LCELL Buffers                                                            ; Off                ; Off                ;
; Ignore SOFT Buffers                                                             ; On                 ; On                 ;
; Limit AHDL Integers to 32 Bits                                                  ; Off                ; Off                ;
; Optimization Technique                                                          ; Balanced           ; Balanced           ;
; Carry Chain Length                                                              ; 70                 ; 70                 ;
; Auto Carry Chains                                                               ; On                 ; On                 ;
; Auto Open-Drain Pins                                                            ; On                 ; On                 ;
; Perform WYSIWYG Primitive Resynthesis                                           ; Off                ; Off                ;
; Auto ROM Replacement                                                            ; On                 ; On                 ;
; Auto RAM Replacement                                                            ; On                 ; On                 ;
; Auto DSP Block Replacement                                                      ; On                 ; On                 ;
; Auto Shift Register Replacement                                                 ; Auto               ; Auto               ;
; Allow Shift Register Merging across Hierarchies                                 ; Auto               ; Auto               ;
; Auto Clock Enable Replacement                                                   ; On                 ; On                 ;
; Strict RAM Replacement                                                          ; Off                ; Off                ;
; Allow Synchronous Control Signals                                               ; On                 ; On                 ;
; Force Use of Synchronous Clear Signals                                          ; Off                ; Off                ;
; Auto Resource Sharing                                                           ; Off                ; Off                ;
; Allow Any RAM Size For Recognition                                              ; Off                ; Off                ;
; Allow Any ROM Size For Recognition                                              ; Off                ; Off                ;
; Allow Any Shift Register Size For Recognition                                   ; Off                ; Off                ;
; Use LogicLock Constraints during Resource Balancing                             ; On                 ; On                 ;
; Ignore translate_off and synthesis_off directives                               ; Off                ; Off                ;
; Timing-Driven Synthesis                                                         ; On                 ; On                 ;
; Report Parameter Settings                                                       ; On                 ; On                 ;
; Report Source Assignments                                                       ; On                 ; On                 ;
; Report Connectivity Checks                                                      ; On                 ; On                 ;
; Ignore Maximum Fan-Out Assignments                                              ; Off                ; Off                ;
; Synchronization Register Chain Length                                           ; 3                  ; 3                  ;
; Power Optimization During Synthesis                                             ; Normal compilation ; Normal compilation ;
; HDL message level                                                               ; Level2             ; Level2             ;
; Suppress Register Optimization Related Messages                                 ; Off                ; Off                ;
; Number of Removed Registers Reported in Synthesis Report                        ; 5000               ; 5000               ;
; Number of Swept Nodes Reported in Synthesis Report                              ; 5000               ; 5000               ;
; Number of Inverted Registers Reported in Synthesis Report                       ; 100                ; 100                ;
; Clock MUX Protection                                                            ; On                 ; On                 ;
; Auto Gated Clock Conversion                                                     ; Off                ; Off                ;
; Block Design Naming                                                             ; Auto               ; Auto               ;
; SDC constraint protection                                                       ; Off                ; Off                ;
; Synthesis Effort                                                                ; Auto               ; Auto               ;
; Shift Register Replacement - Allow Asynchronous Clear Signal                    ; On                 ; On                 ;
; Pre-Mapping Resynthesis Optimization                                            ; Off                ; Off                ;
; Analysis & Synthesis Message Level                                              ; Medium             ; Medium             ;
; Disable Register Merging Across Hierarchies                                     ; Auto               ; Auto               ;
; Resource Aware Inference For Block RAM                                          ; On                 ; On                 ;
; Automatic Parallel Synthesis                                                    ; On                 ; On                 ;
; Partial Reconfiguration Bitstream ID                                            ; Off                ; Off                ;
+---------------------------------------------------------------------------------+--------------------+--------------------+


+------------------------------------------+
; Parallel Compilation                     ;
+----------------------------+-------------+
; Processors                 ; Number      ;
+----------------------------+-------------+
; Number detected on machine ; 8           ;
; Maximum allowed            ; 4           ;
;                            ;             ;
; Average used               ; 1.00        ;
; Maximum used               ; 4           ;
;                            ;             ;
; Usage by Processor         ; % Time Used ;
;     Processor 1            ; 100.0%      ;
;     Processors 2-4         ;   0.0%      ;
+----------------------------+-------------+


+--------------------------------------------------------------------------------------------------------------------------------------------------------------+
; Analysis & Synthesis Source Files Read                                                                                                                       ;
+----------------------------------+-----------------+------------------------+----------------------------------------------------------------------+---------+
; File Name with User-Entered Path ; Used in Netlist ; File Type              ; File Name with Absolute Path                                         ; Library ;
+----------------------------------+-----------------+------------------------+----------------------------------------------------------------------+---------+
; Sources/multiplicador.v          ; yes             ; User Verilog HDL File  ; /home/vmrod/devel/quartus/multiplier/Sources/multiplicador.v         ;         ;
; Sources/decode_7_anode.v         ; yes             ; User Verilog HDL File  ; /home/vmrod/devel/quartus/multiplier/Sources/decode_7_anode.v        ;         ;
; Sources/BCD.v                    ; yes             ; User Verilog HDL File  ; /home/vmrod/devel/quartus/multiplier/Sources/BCD.v                   ;         ;
; Sources/register_n.v             ; yes             ; User Verilog HDL File  ; /home/vmrod/devel/quartus/multiplier/Sources/register_n.v            ;         ;
; Sources/multiplier.v             ; yes             ; User Verilog HDL File  ; /home/vmrod/devel/quartus/multiplier/Sources/multiplier.v            ;         ;
; Sources/shift_left_n_register.v  ; yes             ; User Verilog HDL File  ; /home/vmrod/devel/quartus/multiplier/Sources/shift_left_n_register.v ;         ;
+----------------------------------+-----------------+------------------------+----------------------------------------------------------------------+---------+


+---------------------------------------------------------+
; Analysis & Synthesis Resource Usage Summary             ;
+---------------------------------------------+-----------+
; Resource                                    ; Usage     ;
+---------------------------------------------+-----------+
; Estimate of Logic utilization (ALMs needed) ; 46        ;
;                                             ;           ;
; Combinational ALUT usage for logic          ; 80        ;
;     -- 7 input functions                    ; 0         ;
;     -- 6 input functions                    ; 11        ;
;     -- 5 input functions                    ; 14        ;
;     -- 4 input functions                    ; 24        ;
;     -- <=3 input functions                  ; 31        ;
;                                             ;           ;
; Dedicated logic registers                   ; 32        ;
;                                             ;           ;
; I/O pins                                    ; 35        ;
;                                             ;           ;
; Total DSP Blocks                            ; 0         ;
;                                             ;           ;
; Maximum fan-out node                        ; clk~input ;
; Maximum fan-out                             ; 32        ;
; Total fan-out                               ; 466       ;
; Average fan-out                             ; 2.56      ;
+---------------------------------------------+-----------+


+----------------------------------------------------------------------------------------------------------------------------------------------------------------------------------------------------------------------------------------------------+
; Analysis & Synthesis Resource Utilization by Entity                                                                                                                                                                                                ;
+-------------------------------------+---------------------+---------------------------+-------------------+------------+------+--------------+--------------------------------------------------------------+-----------------------+--------------+
; Compilation Hierarchy Node          ; Combinational ALUTs ; Dedicated Logic Registers ; Block Memory Bits ; DSP Blocks ; Pins ; Virtual Pins ; Full Hierarchy Name                                          ; Entity Name           ; Library Name ;
+-------------------------------------+---------------------+---------------------------+-------------------+------------+------+--------------+--------------------------------------------------------------+-----------------------+--------------+
; |multiplier                         ; 80 (1)              ; 32 (0)                    ; 0                 ; 0          ; 35   ; 0            ; |multiplier                                                  ; multiplier            ; work         ;
;    |BCD:comb_10|                    ; 11 (11)             ; 0 (0)                     ; 0                 ; 0          ; 0    ; 0            ; |multiplier|BCD:comb_10                                      ; BCD                   ; work         ;
;    |decode_7_anode:comb_11|         ; 7 (7)               ; 0 (0)                     ; 0                 ; 0          ; 0    ; 0            ; |multiplier|decode_7_anode:comb_11                           ; decode_7_anode        ; work         ;
;    |decode_7_anode:comb_12|         ; 7 (7)               ; 0 (0)                     ; 0                 ; 0          ; 0    ; 0            ; |multiplier|decode_7_anode:comb_12                           ; decode_7_anode        ; work         ;
;    |decode_7_anode:comb_13|         ; 3 (3)               ; 0 (0)                     ; 0                 ; 0          ; 0    ; 0            ; |multiplier|decode_7_anode:comb_13                           ; decode_7_anode        ; work         ;
;    |multiplicador:comb_3|           ; 51 (51)             ; 24 (0)                    ; 0                 ; 0          ; 0    ; 0            ; |multiplier|multiplicador:comb_3                             ; multiplicador         ; work         ;
;       |shift_left_n_register:reg_0| ; 0 (0)               ; 5 (5)                     ; 0                 ; 0          ; 0    ; 0            ; |multiplier|multiplicador:comb_3|shift_left_n_register:reg_0 ; shift_left_n_register ; work         ;
;       |shift_left_n_register:reg_1| ; 0 (0)               ; 5 (5)                     ; 0                 ; 0          ; 0    ; 0            ; |multiplier|multiplicador:comb_3|shift_left_n_register:reg_1 ; shift_left_n_register ; work         ;
;       |shift_left_n_register:reg_2| ; 0 (0)               ; 5 (5)                     ; 0                 ; 0          ; 0    ; 0            ; |multiplier|multiplicador:comb_3|shift_left_n_register:reg_2 ; shift_left_n_register ; work         ;
;       |shift_left_n_register:reg_3| ; 0 (0)               ; 5 (5)                     ; 0                 ; 0          ; 0    ; 0            ; |multiplier|multiplicador:comb_3|shift_left_n_register:reg_3 ; shift_left_n_register ; work         ;
;       |shift_left_n_register:reg_4| ; 0 (0)               ; 4 (4)                     ; 0                 ; 0          ; 0    ; 0            ; |multiplier|multiplicador:comb_3|shift_left_n_register:reg_4 ; shift_left_n_register ; work         ;
;    |register_n:comb_7|              ; 0 (0)               ; 8 (8)                     ; 0                 ; 0          ; 0    ; 0            ; |multiplier|register_n:comb_7                                ; register_n            ; work         ;
+-------------------------------------+---------------------+---------------------------+-------------------+------------+------+--------------+--------------------------------------------------------------+-----------------------+--------------+
Note: For table entries with two numbers listed, the numbers in parentheses indicate the number of resources of the given type used by the specific entity alone. The numbers listed outside of parentheses indicate the total resources of the given type used by the specific entity and all of its sub-entities in the hierarchy.


+---------------------------------------------------------------------------------------------------------+
; Registers Removed During Synthesis                                                                      ;
+----------------------------------------------------------------+----------------------------------------+
; Register name                                                  ; Reason for Removal                     ;
+----------------------------------------------------------------+----------------------------------------+
; multiplicador:comb_3|shift_left_n_register:reg_4|OUT[0..3,9]   ; Stuck at GND due to stuck port data_in ;
; multiplicador:comb_3|shift_left_n_register:reg_3|OUT[0..2,8,9] ; Stuck at GND due to stuck port data_in ;
; multiplicador:comb_3|shift_left_n_register:reg_2|OUT[0,1,7..9] ; Stuck at GND due to stuck port data_in ;
; multiplicador:comb_3|shift_left_n_register:reg_1|OUT[0,6..9]   ; Stuck at GND due to stuck port data_in ;
; multiplicador:comb_3|shift_left_n_register:reg_0|OUT[5..9]     ; Stuck at GND due to stuck port data_in ;
; multiplicador:comb_3|shift_left_n_register:reg_4|OUT[8]        ; Lost fanout                            ;
; Total Number of Removed Registers = 26                         ;                                        ;
+----------------------------------------------------------------+----------------------------------------+


+------------------------------------------------------+
; General Register Statistics                          ;
+----------------------------------------------+-------+
; Statistic                                    ; Value ;
+----------------------------------------------+-------+
; Total registers                              ; 32    ;
; Number of registers using Synchronous Clear  ; 0     ;
; Number of registers using Synchronous Load   ; 0     ;
; Number of registers using Asynchronous Clear ; 32    ;
; Number of registers using Asynchronous Load  ; 0     ;
; Number of registers using Clock Enable       ; 8     ;
; Number of registers using Preset             ; 0     ;
+----------------------------------------------+-------+


+-----------------------------------------------------------------------------------------------+
; Parameter Settings for User Entity Instance: multiplicador:comb_3|shift_left_n_register:reg_0 ;
+----------------+-------+----------------------------------------------------------------------+
; Parameter Name ; Value ; Type                                                                 ;
+----------------+-------+----------------------------------------------------------------------+
; N              ; 0     ; Signed Integer                                                       ;
+----------------+-------+----------------------------------------------------------------------+
Note: In order to hide this table in the UI and the text report file, please set the "Show Parameter Settings in Synthesis Report" option in "Analysis and Synthesis Settings -> More Settings" to "Off".


+-----------------------------------------------------------------------------------------------+
; Parameter Settings for User Entity Instance: multiplicador:comb_3|shift_left_n_register:reg_1 ;
+----------------+-------+----------------------------------------------------------------------+
; Parameter Name ; Value ; Type                                                                 ;
+----------------+-------+----------------------------------------------------------------------+
; N              ; 1     ; Signed Integer                                                       ;
+----------------+-------+----------------------------------------------------------------------+
Note: In order to hide this table in the UI and the text report file, please set the "Show Parameter Settings in Synthesis Report" option in "Analysis and Synthesis Settings -> More Settings" to "Off".


+-----------------------------------------------------------------------------------------------+
; Parameter Settings for User Entity Instance: multiplicador:comb_3|shift_left_n_register:reg_2 ;
+----------------+-------+----------------------------------------------------------------------+
; Parameter Name ; Value ; Type                                                                 ;
+----------------+-------+----------------------------------------------------------------------+
; N              ; 2     ; Signed Integer                                                       ;
+----------------+-------+----------------------------------------------------------------------+
Note: In order to hide this table in the UI and the text report file, please set the "Show Parameter Settings in Synthesis Report" option in "Analysis and Synthesis Settings -> More Settings" to "Off".


+-----------------------------------------------------------------------------------------------+
; Parameter Settings for User Entity Instance: multiplicador:comb_3|shift_left_n_register:reg_3 ;
+----------------+-------+----------------------------------------------------------------------+
; Parameter Name ; Value ; Type                                                                 ;
+----------------+-------+----------------------------------------------------------------------+
; N              ; 3     ; Signed Integer                                                       ;
+----------------+-------+----------------------------------------------------------------------+
Note: In order to hide this table in the UI and the text report file, please set the "Show Parameter Settings in Synthesis Report" option in "Analysis and Synthesis Settings -> More Settings" to "Off".


+-----------------------------------------------------------------------------------------------+
; Parameter Settings for User Entity Instance: multiplicador:comb_3|shift_left_n_register:reg_4 ;
+----------------+-------+----------------------------------------------------------------------+
; Parameter Name ; Value ; Type                                                                 ;
+----------------+-------+----------------------------------------------------------------------+
; N              ; 4     ; Signed Integer                                                       ;
+----------------+-------+----------------------------------------------------------------------+
Note: In order to hide this table in the UI and the text report file, please set the "Show Parameter Settings in Synthesis Report" option in "Analysis and Synthesis Settings -> More Settings" to "Off".


+----------------------------------------------------------------+
; Parameter Settings for User Entity Instance: register_n:comb_7 ;
+----------------+-------+---------------------------------------+
; Parameter Name ; Value ; Type                                  ;
+----------------+-------+---------------------------------------+
; n              ; 8     ; Signed Integer                        ;
+----------------+-------+---------------------------------------+
Note: In order to hide this table in the UI and the text report file, please set the "Show Parameter Settings in Synthesis Report" option in "Analysis and Synthesis Settings -> More Settings" to "Off".


+-------------------------------------------------------------------------------------------------------------------------------------------------------------------------------------------------------------+
; Port Connectivity Checks: "BCD:comb_10"                                                                                                                                                                     ;
+------+-------+----------+-----------------------------------------------------------------------------------------------------------------------------------------------------------------------------------+
; Port ; Type  ; Severity ; Details                                                                                                                                                                           ;
+------+-------+----------+-----------------------------------------------------------------------------------------------------------------------------------------------------------------------------------+
; bin  ; Input ; Warning  ; Input port expression (10 bits) is wider than the input port (8 bits) it drives.  The 2 most-significant bit(s) in the expression will be dangling if they have no other fanouts. ;
+------+-------+----------+-----------------------------------------------------------------------------------------------------------------------------------------------------------------------------------+


+--------------------------------------------------------------------------------------------------------------------------------------------------------------------------------------------------------------+
; Port Connectivity Checks: "register_n:comb_7"                                                                                                                                                                ;
+------+--------+----------+-----------------------------------------------------------------------------------------------------------------------------------------------------------------------------------+
; Port ; Type   ; Severity ; Details                                                                                                                                                                           ;
+------+--------+----------+-----------------------------------------------------------------------------------------------------------------------------------------------------------------------------------+
; D    ; Input  ; Warning  ; Input port expression (10 bits) is wider than the input port (8 bits) it drives.  The 2 most-significant bit(s) in the expression will be dangling if they have no other fanouts. ;
; Q    ; Output ; Warning  ; Output or bidir port (8 bits) is smaller than the port expression (10 bits) it drives.  The 2 most-significant bit(s) in the port expression will be connected to GND.            ;
+------+--------+----------+-----------------------------------------------------------------------------------------------------------------------------------------------------------------------------------+


+------------------------------------------------------------------------------------------------------------------------+
; Port Connectivity Checks: "multiplicador:comb_3"                                                                       ;
+--------------+--------+----------+-------------------------------------------------------------------------------------+
; Port         ; Type   ; Severity ; Details                                                                             ;
+--------------+--------+----------+-------------------------------------------------------------------------------------+
; RESULT[9..8] ; Output ; Info     ; Connected to dangling logic. Logic that only feeds a dangling port will be removed. ;
; enable       ; Input  ; Info     ; Stuck at VCC                                                                        ;
+--------------+--------+----------+-------------------------------------------------------------------------------------+


+-----------------------------------------------------+
; Post-Synthesis Netlist Statistics for Top Partition ;
+-----------------------+-----------------------------+
; Type                  ; Count                       ;
+-----------------------+-----------------------------+
; arriav_ff             ; 32                          ;
;     CLR               ; 24                          ;
;     ENA CLR           ; 8                           ;
; arriav_lcell_comb     ; 86                          ;
;     arith             ; 21                          ;
;         0 data inputs ; 2                           ;
;         1 data inputs ; 1                           ;
;         2 data inputs ; 18                          ;
;     normal            ; 65                          ;
;         0 data inputs ; 1                           ;
;         1 data inputs ; 5                           ;
;         2 data inputs ; 10                          ;
;         4 data inputs ; 24                          ;
;         5 data inputs ; 14                          ;
;         6 data inputs ; 11                          ;
; boundary_port         ; 35                          ;
;                       ;                             ;
; Max LUT depth         ; 4.60                        ;
; Average LUT depth     ; 2.98                        ;
+-----------------------+-----------------------------+


+-------------------------------+
; Elapsed Time Per Partition    ;
+----------------+--------------+
; Partition Name ; Elapsed Time ;
+----------------+--------------+
; Top            ; 00:00:00     ;
+----------------+--------------+


+-------------------------------+
; Analysis & Synthesis Messages ;
+-------------------------------+
Info: *******************************************************************
Info: Running Quartus Prime Analysis & Synthesis
    Info: Version 20.1.1 Build 720 11/11/2020 SJ Lite Edition
    Info: Processing started: Mon Sep 27 19:13:22 2021
Info: Command: quartus_map --read_settings_files=on --write_settings_files=off multiplier -c multiplier
Warning (18236): Number of processors has not been specified which may cause overloading on shared machines.  Set the global assignment NUM_PARALLEL_PROCESSORS in your QSF to an appropriate value for best performance.
Info (20030): Parallel compilation is enabled and will use 4 of the 4 processors detected
Info (12021): Found 1 design units, including 1 entities, in source file Sources/multiplicador.v
    Info (12023): Found entity 1: multiplicador File: /home/vmrod/devel/quartus/multiplier/Sources/multiplicador.v Line: 23
Info (12021): Found 1 design units, including 1 entities, in source file Sources/decode_7_anode.v
    Info (12023): Found entity 1: decode_7_anode File: /home/vmrod/devel/quartus/multiplier/Sources/decode_7_anode.v Line: 8
Info (12021): Found 1 design units, including 1 entities, in source file Sources/BCD.v
    Info (12023): Found entity 1: BCD File: /home/vmrod/devel/quartus/multiplier/Sources/BCD.v Line: 8
Info (12021): Found 1 design units, including 1 entities, in source file Sources/register_n.v
    Info (12023): Found entity 1: register_n File: /home/vmrod/devel/quartus/multiplier/Sources/register_n.v Line: 8
Info (12021): Found 1 design units, including 1 entities, in source file Sources/multiplier.v
    Info (12023): Found entity 1: multiplier File: /home/vmrod/devel/quartus/multiplier/Sources/multiplier.v Line: 3
Info (12021): Found 1 design units, including 1 entities, in source file Sources/shift_left_n_register.v
    Info (12023): Found entity 1: shift_left_n_register File: /home/vmrod/devel/quartus/multiplier/Sources/shift_left_n_register.v Line: 8
Critical Warning (10846): Verilog HDL Instantiation warning at multiplier.v(26): instance has no name File: /home/vmrod/devel/quartus/multiplier/Sources/multiplier.v Line: 26
Critical Warning (10846): Verilog HDL Instantiation warning at multiplier.v(36): instance has no name File: /home/vmrod/devel/quartus/multiplier/Sources/multiplier.v Line: 36
Critical Warning (10846): Verilog HDL Instantiation warning at multiplier.v(41): instance has no name File: /home/vmrod/devel/quartus/multiplier/Sources/multiplier.v Line: 41
Critical Warning (10846): Verilog HDL Instantiation warning at multiplier.v(52): instance has no name File: /home/vmrod/devel/quartus/multiplier/Sources/multiplier.v Line: 52
Critical Warning (10846): Verilog HDL Instantiation warning at multiplier.v(63): instance has no name File: /home/vmrod/devel/quartus/multiplier/Sources/multiplier.v Line: 63
Critical Warning (10846): Verilog HDL Instantiation warning at multiplier.v(75): instance has no name File: /home/vmrod/devel/quartus/multiplier/Sources/multiplier.v Line: 75
Info (12127): Elaborating entity "multiplier" for the top level hierarchy
Info (12128): Elaborating entity "multiplicador" for hierarchy "multiplicador:comb_3" File: /home/vmrod/devel/quartus/multiplier/Sources/multiplier.v Line: 26
Info (12128): Elaborating entity "shift_left_n_register" for hierarchy "multiplicador:comb_3|shift_left_n_register:reg_0" File: /home/vmrod/devel/quartus/multiplier/Sources/multiplicador.v Line: 62
Info (12128): Elaborating entity "shift_left_n_register" for hierarchy "multiplicador:comb_3|shift_left_n_register:reg_1" File: /home/vmrod/devel/quartus/multiplier/Sources/multiplicador.v Line: 70
Info (12128): Elaborating entity "shift_left_n_register" for hierarchy "multiplicador:comb_3|shift_left_n_register:reg_2" File: /home/vmrod/devel/quartus/multiplier/Sources/multiplicador.v Line: 78
Info (12128): Elaborating entity "shift_left_n_register" for hierarchy "multiplicador:comb_3|shift_left_n_register:reg_3" File: /home/vmrod/devel/quartus/multiplier/Sources/multiplicador.v Line: 86
Info (12128): Elaborating entity "shift_left_n_register" for hierarchy "multiplicador:comb_3|shift_left_n_register:reg_4" File: /home/vmrod/devel/quartus/multiplier/Sources/multiplicador.v Line: 94
Info (12128): Elaborating entity "register_n" for hierarchy "register_n:comb_7" File: /home/vmrod/devel/quartus/multiplier/Sources/multiplier.v Line: 36
Info (12128): Elaborating entity "BCD" for hierarchy "BCD:comb_10" File: /home/vmrod/devel/quartus/multiplier/Sources/multiplier.v Line: 41
Warning (10230): Verilog HDL assignment warning at BCD.v(24): truncated value with size 32 to match size of target (4) File: /home/vmrod/devel/quartus/multiplier/Sources/BCD.v Line: 24
Warning (10230): Verilog HDL assignment warning at BCD.v(29): truncated value with size 32 to match size of target (4) File: /home/vmrod/devel/quartus/multiplier/Sources/BCD.v Line: 29
Warning (10230): Verilog HDL assignment warning at BCD.v(31): truncated value with size 32 to match size of target (4) File: /home/vmrod/devel/quartus/multiplier/Sources/BCD.v Line: 31
Info (12128): Elaborating entity "decode_7_anode" for hierarchy "decode_7_anode:comb_11" File: /home/vmrod/devel/quartus/multiplier/Sources/multiplier.v Line: 52
Warning (12011): Net is missing source, defaulting to GND
    Warning (12110): Net "WIRE_REGISTER[9]" is missing source, defaulting to GND File: /home/vmrod/devel/quartus/multiplier/Sources/multiplier.v Line: 15
    Warning (12110): Net "WIRE_REGISTER[8]" is missing source, defaulting to GND File: /home/vmrod/devel/quartus/multiplier/Sources/multiplier.v Line: 15
Warning (12011): Net is missing source, defaulting to GND
    Warning (12110): Net "WIRE_REGISTER[9]" is missing source, defaulting to GND File: /home/vmrod/devel/quartus/multiplier/Sources/multiplier.v Line: 15
    Warning (12110): Net "WIRE_REGISTER[8]" is missing source, defaulting to GND File: /home/vmrod/devel/quartus/multiplier/Sources/multiplier.v Line: 15
Warning (12241): 2 hierarchies have connectivity warnings - see the Connectivity Checks report folder
Warning (13024): Output pins are stuck at VCC or GND
    Warning (13410): Pin "DISPLAYS[15]" is stuck at GND File: /home/vmrod/devel/quartus/multiplier/Sources/multiplier.v Line: 10
Info (286030): Timing-Driven Synthesis is running
Info (17049): 1 registers lost all their fanouts during netlist optimizations.
Info (16010): Generating hard_block partition "hard_block:auto_generated_inst"
    Info (16011): Adding 0 node(s), including 0 DDIO, 0 PLL, 0 transceiver and 0 LCELL
Info (21057): Implemented 116 device resources after synthesis - the final resource count might be different
    Info (21058): Implemented 13 input pins
    Info (21059): Implemented 22 output pins
    Info (21061): Implemented 81 logic cells
Info: Quartus Prime Analysis & Synthesis was successful. 0 errors, 19 warnings
    Info: Peak virtual memory: 735 megabytes
    Info: Processing ended: Mon Sep 27 19:13:28 2021
    Info: Elapsed time: 00:00:06
    Info: Total CPU time (on all processors): 00:00:15


