Analysis & Synthesis report for mips
Sat Nov 20 11:39:58 2021
Quartus Prime Version 20.1.1 Build 720 11/11/2020 SJ Lite Edition


---------------------
; Table of Contents ;
---------------------
  1. Legal Notice
  2. Analysis & Synthesis Summary
  3. Analysis & Synthesis Settings
  4. Parallel Compilation
  5. Analysis & Synthesis Source Files Read
  6. Analysis & Synthesis Resource Usage Summary
  7. Analysis & Synthesis Resource Utilization by Entity
  8. General Register Statistics
  9. Parameter Settings for User Entity Instance: register_n:PC_register
 10. Parameter Settings for User Entity Instance: mux_2_1:comb_3
 11. Parameter Settings for User Entity Instance: Instr_Data_Memory:comb_4
 12. Parameter Settings for User Entity Instance: Instr_Data_Memory:comb_4|ROM_single_port:comb_3
 13. Parameter Settings for User Entity Instance: Instr_Data_Memory:comb_4|single_port_ram:comb_4
 14. Parameter Settings for User Entity Instance: Instr_Data_Memory:comb_4|mux_2_1:comb_5
 15. Parameter Settings for User Entity Instance: register_n:instruction_register
 16. Parameter Settings for User Entity Instance: register_n:data_register
 17. Parameter Settings for User Entity Instance: mux_2_1:comb_5
 18. Parameter Settings for User Entity Instance: mux_2_1:comb_6
 19. Parameter Settings for User Entity Instance: register_n:A_register
 20. Parameter Settings for User Entity Instance: register_n:B_register
 21. Parameter Settings for User Entity Instance: sign_extend:comb_7
 22. Parameter Settings for User Entity Instance: zero_extend:comb_8
 23. Parameter Settings for User Entity Instance: mux_2_1:comb_9
 24. Parameter Settings for User Entity Instance: mux_4_1:comb_10
 25. Parameter Settings for User Entity Instance: ALU:comb_11
 26. Parameter Settings for User Entity Instance: register_n:ALU_result_register
 27. Parameter Settings for User Entity Instance: mux_2_1:comb_12
 28. Port Connectivity Checks: "mux_2_1:comb_12"
 29. Port Connectivity Checks: "register_n:ALU_result_register"
 30. Port Connectivity Checks: "ALU:comb_11"
 31. Port Connectivity Checks: "mux_4_1:comb_10"
 32. Port Connectivity Checks: "mux_2_1:comb_9"
 33. Port Connectivity Checks: "register_n:B_register"
 34. Port Connectivity Checks: "register_n:A_register"
 35. Port Connectivity Checks: "register_file:uut"
 36. Port Connectivity Checks: "register_n:data_register"
 37. Port Connectivity Checks: "register_n:instruction_register"
 38. Port Connectivity Checks: "Instr_Data_Memory:comb_4|mux_2_1:comb_5"
 39. Port Connectivity Checks: "Instr_Data_Memory:comb_4|single_port_ram:comb_4"
 40. Port Connectivity Checks: "Instr_Data_Memory:comb_4|ROM_single_port:comb_3"
 41. Post-Synthesis Netlist Statistics for Top Partition
 42. Elapsed Time Per Partition
 43. Analysis & Synthesis Messages
 44. Analysis & Synthesis Suppressed Messages



----------------
; Legal Notice ;
----------------
Copyright (C) 2020  Intel Corporation. All rights reserved.
Your use of Intel Corporation's design tools, logic functions 
and other software and tools, and any partner logic 
functions, and any output files from any of the foregoing 
(including device programming or simulation files), and any 
associated documentation or information are expressly subject 
to the terms and conditions of the Intel Program License 
Subscription Agreement, the Intel Quartus Prime License Agreement,
the Intel FPGA IP License Agreement, or other applicable license
agreement, including, without limitation, that your use is for
the sole purpose of programming logic devices manufactured by
Intel and sold by Intel or its authorized distributors.  Please
refer to the applicable agreement for further details, at
https://fpgasoftware.intel.com/eula.



+-------------------------------------------------------------------------------+
; Analysis & Synthesis Summary                                                  ;
+---------------------------------+---------------------------------------------+
; Analysis & Synthesis Status     ; Successful - Sat Nov 20 11:39:58 2021       ;
; Quartus Prime Version           ; 20.1.1 Build 720 11/11/2020 SJ Lite Edition ;
; Revision Name                   ; mips                                        ;
; Top-level Entity Name           ; mips                                        ;
; Family                          ; Cyclone V                                   ;
; Logic utilization (in ALMs)     ; N/A                                         ;
; Total registers                 ; 0                                           ;
; Total pins                      ; 33                                          ;
; Total virtual pins              ; 0                                           ;
; Total block memory bits         ; 0                                           ;
; Total DSP Blocks                ; 0                                           ;
; Total HSSI RX PCSs              ; 0                                           ;
; Total HSSI PMA RX Deserializers ; 0                                           ;
; Total HSSI TX PCSs              ; 0                                           ;
; Total HSSI PMA TX Serializers   ; 0                                           ;
; Total PLLs                      ; 0                                           ;
; Total DLLs                      ; 0                                           ;
+---------------------------------+---------------------------------------------+


+---------------------------------------------------------------------------------------------------------------------------+
; Analysis & Synthesis Settings                                                                                             ;
+---------------------------------------------------------------------------------+--------------------+--------------------+
; Option                                                                          ; Setting            ; Default Value      ;
+---------------------------------------------------------------------------------+--------------------+--------------------+
; Device                                                                          ; 5CGXFC7C7F23C8     ;                    ;
; Top-level entity name                                                           ; mips               ; mips               ;
; Family name                                                                     ; Cyclone V          ; Cyclone V          ;
; Use smart compilation                                                           ; Off                ; Off                ;
; Enable parallel Assembler and Timing Analyzer during compilation                ; On                 ; On                 ;
; Enable compact report table                                                     ; Off                ; Off                ;
; Restructure Multiplexers                                                        ; Auto               ; Auto               ;
; MLAB Add Timing Constraints For Mixed-Port Feed-Through Mode Setting Don't Care ; Off                ; Off                ;
; Create Debugging Nodes for IP Cores                                             ; Off                ; Off                ;
; Preserve fewer node names                                                       ; On                 ; On                 ;
; Intel FPGA IP Evaluation Mode                                                   ; Enable             ; Enable             ;
; Verilog Version                                                                 ; Verilog_2001       ; Verilog_2001       ;
; VHDL Version                                                                    ; VHDL_1993          ; VHDL_1993          ;
; State Machine Processing                                                        ; Auto               ; Auto               ;
; Safe State Machine                                                              ; Off                ; Off                ;
; Extract Verilog State Machines                                                  ; On                 ; On                 ;
; Extract VHDL State Machines                                                     ; On                 ; On                 ;
; Ignore Verilog initial constructs                                               ; Off                ; Off                ;
; Iteration limit for constant Verilog loops                                      ; 5000               ; 5000               ;
; Iteration limit for non-constant Verilog loops                                  ; 250                ; 250                ;
; Add Pass-Through Logic to Inferred RAMs                                         ; On                 ; On                 ;
; Infer RAMs from Raw Logic                                                       ; On                 ; On                 ;
; Parallel Synthesis                                                              ; On                 ; On                 ;
; DSP Block Balancing                                                             ; Auto               ; Auto               ;
; NOT Gate Push-Back                                                              ; On                 ; On                 ;
; Power-Up Don't Care                                                             ; On                 ; On                 ;
; Remove Redundant Logic Cells                                                    ; Off                ; Off                ;
; Remove Duplicate Registers                                                      ; On                 ; On                 ;
; Ignore CARRY Buffers                                                            ; Off                ; Off                ;
; Ignore CASCADE Buffers                                                          ; Off                ; Off                ;
; Ignore GLOBAL Buffers                                                           ; Off                ; Off                ;
; Ignore ROW GLOBAL Buffers                                                       ; Off                ; Off                ;
; Ignore LCELL Buffers                                                            ; Off                ; Off                ;
; Ignore SOFT Buffers                                                             ; On                 ; On                 ;
; Limit AHDL Integers to 32 Bits                                                  ; Off                ; Off                ;
; Optimization Technique                                                          ; Balanced           ; Balanced           ;
; Carry Chain Length                                                              ; 70                 ; 70                 ;
; Auto Carry Chains                                                               ; On                 ; On                 ;
; Auto Open-Drain Pins                                                            ; On                 ; On                 ;
; Perform WYSIWYG Primitive Resynthesis                                           ; Off                ; Off                ;
; Auto ROM Replacement                                                            ; On                 ; On                 ;
; Auto RAM Replacement                                                            ; On                 ; On                 ;
; Auto DSP Block Replacement                                                      ; On                 ; On                 ;
; Auto Shift Register Replacement                                                 ; Auto               ; Auto               ;
; Allow Shift Register Merging across Hierarchies                                 ; Auto               ; Auto               ;
; Auto Clock Enable Replacement                                                   ; On                 ; On                 ;
; Strict RAM Replacement                                                          ; Off                ; Off                ;
; Allow Synchronous Control Signals                                               ; On                 ; On                 ;
; Force Use of Synchronous Clear Signals                                          ; Off                ; Off                ;
; Auto Resource Sharing                                                           ; Off                ; Off                ;
; Allow Any RAM Size For Recognition                                              ; Off                ; Off                ;
; Allow Any ROM Size For Recognition                                              ; Off                ; Off                ;
; Allow Any Shift Register Size For Recognition                                   ; Off                ; Off                ;
; Use LogicLock Constraints during Resource Balancing                             ; On                 ; On                 ;
; Ignore translate_off and synthesis_off directives                               ; Off                ; Off                ;
; Timing-Driven Synthesis                                                         ; On                 ; On                 ;
; Report Parameter Settings                                                       ; On                 ; On                 ;
; Report Source Assignments                                                       ; On                 ; On                 ;
; Report Connectivity Checks                                                      ; On                 ; On                 ;
; Ignore Maximum Fan-Out Assignments                                              ; Off                ; Off                ;
; Synchronization Register Chain Length                                           ; 3                  ; 3                  ;
; Power Optimization During Synthesis                                             ; Normal compilation ; Normal compilation ;
; HDL message level                                                               ; Level2             ; Level2             ;
; Suppress Register Optimization Related Messages                                 ; Off                ; Off                ;
; Number of Removed Registers Reported in Synthesis Report                        ; 5000               ; 5000               ;
; Number of Swept Nodes Reported in Synthesis Report                              ; 5000               ; 5000               ;
; Number of Inverted Registers Reported in Synthesis Report                       ; 100                ; 100                ;
; Clock MUX Protection                                                            ; On                 ; On                 ;
; Auto Gated Clock Conversion                                                     ; Off                ; Off                ;
; Block Design Naming                                                             ; Auto               ; Auto               ;
; SDC constraint protection                                                       ; Off                ; Off                ;
; Synthesis Effort                                                                ; Auto               ; Auto               ;
; Shift Register Replacement - Allow Asynchronous Clear Signal                    ; On                 ; On                 ;
; Pre-Mapping Resynthesis Optimization                                            ; Off                ; Off                ;
; Analysis & Synthesis Message Level                                              ; Medium             ; Medium             ;
; Disable Register Merging Across Hierarchies                                     ; Auto               ; Auto               ;
; Resource Aware Inference For Block RAM                                          ; On                 ; On                 ;
; Automatic Parallel Synthesis                                                    ; On                 ; On                 ;
; Partial Reconfiguration Bitstream ID                                            ; Off                ; Off                ;
+---------------------------------------------------------------------------------+--------------------+--------------------+


+------------------------------------------+
; Parallel Compilation                     ;
+----------------------------+-------------+
; Processors                 ; Number      ;
+----------------------------+-------------+
; Number detected on machine ; 8           ;
; Maximum allowed            ; 4           ;
;                            ;             ;
; Average used               ; 1.00        ;
; Maximum used               ; 1           ;
;                            ;             ;
; Usage by Processor         ; % Time Used ;
;     Processor 1            ; 100.0%      ;
+----------------------------+-------------+


+----------------------------------------------------------------------------------------------------------------------------------------------------+
; Analysis & Synthesis Source Files Read                                                                                                             ;
+----------------------------------+-----------------+------------------------+------------------------------------------------------------+---------+
; File Name with User-Entered Path ; Used in Netlist ; File Type              ; File Name with Absolute Path                               ; Library ;
+----------------------------------+-----------------+------------------------+------------------------------------------------------------+---------+
; Sources/mips.v                   ; yes             ; User Verilog HDL File  ; /home/vmrod/devel/quartus/mips/Sources/mips.v              ;         ;
; Sources/ROM_single_port.v        ; yes             ; User Verilog HDL File  ; /home/vmrod/devel/quartus/mips/Sources/ROM_single_port.v   ;         ;
; Sources/register_file.v          ; yes             ; User Verilog HDL File  ; /home/vmrod/devel/quartus/mips/Sources/register_file.v     ;         ;
; Sources/register_n.v             ; yes             ; User Verilog HDL File  ; /home/vmrod/devel/quartus/mips/Sources/register_n.v        ;         ;
; Sources/ALU.v                    ; yes             ; User Verilog HDL File  ; /home/vmrod/devel/quartus/mips/Sources/ALU.v               ;         ;
; Sources/mux_2_1.v                ; yes             ; User Verilog HDL File  ; /home/vmrod/devel/quartus/mips/Sources/mux_2_1.v           ;         ;
; Sources/zero_extend.v            ; yes             ; User Verilog HDL File  ; /home/vmrod/devel/quartus/mips/Sources/zero_extend.v       ;         ;
; Sources/sign_extend.v            ; yes             ; User Verilog HDL File  ; /home/vmrod/devel/quartus/mips/Sources/sign_extend.v       ;         ;
; Sources/mux_4_1.v                ; yes             ; User Verilog HDL File  ; /home/vmrod/devel/quartus/mips/Sources/mux_4_1.v           ;         ;
; Sources/single_port_ram.v        ; yes             ; User Verilog HDL File  ; /home/vmrod/devel/quartus/mips/Sources/single_port_ram.v   ;         ;
; Sources/Instr_Data_Memory.v      ; yes             ; User Verilog HDL File  ; /home/vmrod/devel/quartus/mips/Sources/Instr_Data_Memory.v ;         ;
; /home/vmrod/ROM_init.txt         ; yes             ; Auto-Found File        ; /home/vmrod/ROM_init.txt                                   ;         ;
+----------------------------------+-----------------+------------------------+------------------------------------------------------------+---------+


+------------------------------------------------------------------+
; Analysis & Synthesis Resource Usage Summary                      ;
+---------------------------------------------+--------------------+
; Resource                                    ; Usage              ;
+---------------------------------------------+--------------------+
; Estimate of Logic utilization (ALMs needed) ; 0                  ;
;                                             ;                    ;
; Combinational ALUT usage for logic          ; 0                  ;
;     -- 7 input functions                    ; 0                  ;
;     -- 6 input functions                    ; 0                  ;
;     -- 5 input functions                    ; 0                  ;
;     -- 4 input functions                    ; 0                  ;
;     -- <=3 input functions                  ; 0                  ;
;                                             ;                    ;
; Dedicated logic registers                   ; 0                  ;
;                                             ;                    ;
; I/O pins                                    ; 33                 ;
;                                             ;                    ;
; Total DSP Blocks                            ; 0                  ;
;                                             ;                    ;
; Maximum fan-out node                        ; initial_address[0] ;
; Maximum fan-out                             ; 1                  ;
; Total fan-out                               ; 33                 ;
; Average fan-out                             ; 0.50               ;
+---------------------------------------------+--------------------+


+----------------------------------------------------------------------------------------------------------------------------------------------------------------------------------------+
; Analysis & Synthesis Resource Utilization by Entity                                                                                                                                    ;
+----------------------------+---------------------+---------------------------+-------------------+------------+------+--------------+---------------------+-------------+--------------+
; Compilation Hierarchy Node ; Combinational ALUTs ; Dedicated Logic Registers ; Block Memory Bits ; DSP Blocks ; Pins ; Virtual Pins ; Full Hierarchy Name ; Entity Name ; Library Name ;
+----------------------------+---------------------+---------------------------+-------------------+------------+------+--------------+---------------------+-------------+--------------+
; |mips                      ; 0 (0)               ; 0 (0)                     ; 0                 ; 0          ; 33   ; 0            ; |mips               ; mips        ; work         ;
+----------------------------+---------------------+---------------------------+-------------------+------------+------+--------------+---------------------+-------------+--------------+
Note: For table entries with two numbers listed, the numbers in parentheses indicate the number of resources of the given type used by the specific entity alone. The numbers listed outside of parentheses indicate the total resources of the given type used by the specific entity and all of its sub-entities in the hierarchy.


+------------------------------------------------------+
; General Register Statistics                          ;
+----------------------------------------------+-------+
; Statistic                                    ; Value ;
+----------------------------------------------+-------+
; Total registers                              ; 0     ;
; Number of registers using Synchronous Clear  ; 0     ;
; Number of registers using Synchronous Load   ; 0     ;
; Number of registers using Asynchronous Clear ; 0     ;
; Number of registers using Asynchronous Load  ; 0     ;
; Number of registers using Clock Enable       ; 0     ;
; Number of registers using Preset             ; 0     ;
+----------------------------------------------+-------+


+---------------------------------------------------------------------+
; Parameter Settings for User Entity Instance: register_n:PC_register ;
+----------------+-------+--------------------------------------------+
; Parameter Name ; Value ; Type                                       ;
+----------------+-------+--------------------------------------------+
; n              ; 16    ; Signed Integer                             ;
+----------------+-------+--------------------------------------------+
Note: In order to hide this table in the UI and the text report file, please set the "Show Parameter Settings in Synthesis Report" option in "Analysis and Synthesis Settings -> More Settings" to "Off".


+-------------------------------------------------------------+
; Parameter Settings for User Entity Instance: mux_2_1:comb_3 ;
+----------------+-------+------------------------------------+
; Parameter Name ; Value ; Type                               ;
+----------------+-------+------------------------------------+
; N              ; 16    ; Signed Integer                     ;
+----------------+-------+------------------------------------+
Note: In order to hide this table in the UI and the text report file, please set the "Show Parameter Settings in Synthesis Report" option in "Analysis and Synthesis Settings -> More Settings" to "Off".


+-----------------------------------------------------------------------+
; Parameter Settings for User Entity Instance: Instr_Data_Memory:comb_4 ;
+----------------+-------+----------------------------------------------+
; Parameter Name ; Value ; Type                                         ;
+----------------+-------+----------------------------------------------+
; DATA_WIDTH     ; 32    ; Signed Integer                               ;
; ADDR_WIDTH     ; 16    ; Signed Integer                               ;
+----------------+-------+----------------------------------------------+
Note: In order to hide this table in the UI and the text report file, please set the "Show Parameter Settings in Synthesis Report" option in "Analysis and Synthesis Settings -> More Settings" to "Off".


+----------------------------------------------------------------------------------------------+
; Parameter Settings for User Entity Instance: Instr_Data_Memory:comb_4|ROM_single_port:comb_3 ;
+----------------+-------+---------------------------------------------------------------------+
; Parameter Name ; Value ; Type                                                                ;
+----------------+-------+---------------------------------------------------------------------+
; DATA_WIDTH     ; 32    ; Signed Integer                                                      ;
; ADDR_WIDTH     ; 16    ; Signed Integer                                                      ;
+----------------+-------+---------------------------------------------------------------------+
Note: In order to hide this table in the UI and the text report file, please set the "Show Parameter Settings in Synthesis Report" option in "Analysis and Synthesis Settings -> More Settings" to "Off".


+----------------------------------------------------------------------------------------------+
; Parameter Settings for User Entity Instance: Instr_Data_Memory:comb_4|single_port_ram:comb_4 ;
+----------------+-------+---------------------------------------------------------------------+
; Parameter Name ; Value ; Type                                                                ;
+----------------+-------+---------------------------------------------------------------------+
; DATA_WIDTH     ; 32    ; Signed Integer                                                      ;
; ADDR_WIDTH     ; 16    ; Signed Integer                                                      ;
+----------------+-------+---------------------------------------------------------------------+
Note: In order to hide this table in the UI and the text report file, please set the "Show Parameter Settings in Synthesis Report" option in "Analysis and Synthesis Settings -> More Settings" to "Off".


+--------------------------------------------------------------------------------------+
; Parameter Settings for User Entity Instance: Instr_Data_Memory:comb_4|mux_2_1:comb_5 ;
+----------------+-------+-------------------------------------------------------------+
; Parameter Name ; Value ; Type                                                        ;
+----------------+-------+-------------------------------------------------------------+
; N              ; 32    ; Signed Integer                                              ;
+----------------+-------+-------------------------------------------------------------+
Note: In order to hide this table in the UI and the text report file, please set the "Show Parameter Settings in Synthesis Report" option in "Analysis and Synthesis Settings -> More Settings" to "Off".


+------------------------------------------------------------------------------+
; Parameter Settings for User Entity Instance: register_n:instruction_register ;
+----------------+-------+-----------------------------------------------------+
; Parameter Name ; Value ; Type                                                ;
+----------------+-------+-----------------------------------------------------+
; n              ; 32    ; Signed Integer                                      ;
+----------------+-------+-----------------------------------------------------+
Note: In order to hide this table in the UI and the text report file, please set the "Show Parameter Settings in Synthesis Report" option in "Analysis and Synthesis Settings -> More Settings" to "Off".


+-----------------------------------------------------------------------+
; Parameter Settings for User Entity Instance: register_n:data_register ;
+----------------+-------+----------------------------------------------+
; Parameter Name ; Value ; Type                                         ;
+----------------+-------+----------------------------------------------+
; n              ; 32    ; Signed Integer                               ;
+----------------+-------+----------------------------------------------+
Note: In order to hide this table in the UI and the text report file, please set the "Show Parameter Settings in Synthesis Report" option in "Analysis and Synthesis Settings -> More Settings" to "Off".


+-------------------------------------------------------------+
; Parameter Settings for User Entity Instance: mux_2_1:comb_5 ;
+----------------+-------+------------------------------------+
; Parameter Name ; Value ; Type                               ;
+----------------+-------+------------------------------------+
; N              ; 5     ; Signed Integer                     ;
+----------------+-------+------------------------------------+
Note: In order to hide this table in the UI and the text report file, please set the "Show Parameter Settings in Synthesis Report" option in "Analysis and Synthesis Settings -> More Settings" to "Off".


+-------------------------------------------------------------+
; Parameter Settings for User Entity Instance: mux_2_1:comb_6 ;
+----------------+-------+------------------------------------+
; Parameter Name ; Value ; Type                               ;
+----------------+-------+------------------------------------+
; N              ; 32    ; Signed Integer                     ;
+----------------+-------+------------------------------------+
Note: In order to hide this table in the UI and the text report file, please set the "Show Parameter Settings in Synthesis Report" option in "Analysis and Synthesis Settings -> More Settings" to "Off".


+--------------------------------------------------------------------+
; Parameter Settings for User Entity Instance: register_n:A_register ;
+----------------+-------+-------------------------------------------+
; Parameter Name ; Value ; Type                                      ;
+----------------+-------+-------------------------------------------+
; n              ; 32    ; Signed Integer                            ;
+----------------+-------+-------------------------------------------+
Note: In order to hide this table in the UI and the text report file, please set the "Show Parameter Settings in Synthesis Report" option in "Analysis and Synthesis Settings -> More Settings" to "Off".


+--------------------------------------------------------------------+
; Parameter Settings for User Entity Instance: register_n:B_register ;
+----------------+-------+-------------------------------------------+
; Parameter Name ; Value ; Type                                      ;
+----------------+-------+-------------------------------------------+
; n              ; 32    ; Signed Integer                            ;
+----------------+-------+-------------------------------------------+
Note: In order to hide this table in the UI and the text report file, please set the "Show Parameter Settings in Synthesis Report" option in "Analysis and Synthesis Settings -> More Settings" to "Off".


+-----------------------------------------------------------------+
; Parameter Settings for User Entity Instance: sign_extend:comb_7 ;
+----------------+-------+----------------------------------------+
; Parameter Name ; Value ; Type                                   ;
+----------------+-------+----------------------------------------+
; width          ; 16    ; Signed Integer                         ;
+----------------+-------+----------------------------------------+
Note: In order to hide this table in the UI and the text report file, please set the "Show Parameter Settings in Synthesis Report" option in "Analysis and Synthesis Settings -> More Settings" to "Off".


+-----------------------------------------------------------------+
; Parameter Settings for User Entity Instance: zero_extend:comb_8 ;
+----------------+-------+----------------------------------------+
; Parameter Name ; Value ; Type                                   ;
+----------------+-------+----------------------------------------+
; width          ; 16    ; Signed Integer                         ;
+----------------+-------+----------------------------------------+
Note: In order to hide this table in the UI and the text report file, please set the "Show Parameter Settings in Synthesis Report" option in "Analysis and Synthesis Settings -> More Settings" to "Off".


+-------------------------------------------------------------+
; Parameter Settings for User Entity Instance: mux_2_1:comb_9 ;
+----------------+-------+------------------------------------+
; Parameter Name ; Value ; Type                               ;
+----------------+-------+------------------------------------+
; N              ; 32    ; Signed Integer                     ;
+----------------+-------+------------------------------------+
Note: In order to hide this table in the UI and the text report file, please set the "Show Parameter Settings in Synthesis Report" option in "Analysis and Synthesis Settings -> More Settings" to "Off".


+--------------------------------------------------------------+
; Parameter Settings for User Entity Instance: mux_4_1:comb_10 ;
+----------------+-------+-------------------------------------+
; Parameter Name ; Value ; Type                                ;
+----------------+-------+-------------------------------------+
; N              ; 32    ; Signed Integer                      ;
+----------------+-------+-------------------------------------+
Note: In order to hide this table in the UI and the text report file, please set the "Show Parameter Settings in Synthesis Report" option in "Analysis and Synthesis Settings -> More Settings" to "Off".


+----------------------------------------------------------+
; Parameter Settings for User Entity Instance: ALU:comb_11 ;
+----------------+-------+---------------------------------+
; Parameter Name ; Value ; Type                            ;
+----------------+-------+---------------------------------+
; WIDTH          ; 31    ; Signed Integer                  ;
+----------------+-------+---------------------------------+
Note: In order to hide this table in the UI and the text report file, please set the "Show Parameter Settings in Synthesis Report" option in "Analysis and Synthesis Settings -> More Settings" to "Off".


+-----------------------------------------------------------------------------+
; Parameter Settings for User Entity Instance: register_n:ALU_result_register ;
+----------------+-------+----------------------------------------------------+
; Parameter Name ; Value ; Type                                               ;
+----------------+-------+----------------------------------------------------+
; n              ; 32    ; Signed Integer                                     ;
+----------------+-------+----------------------------------------------------+
Note: In order to hide this table in the UI and the text report file, please set the "Show Parameter Settings in Synthesis Report" option in "Analysis and Synthesis Settings -> More Settings" to "Off".


+--------------------------------------------------------------+
; Parameter Settings for User Entity Instance: mux_2_1:comb_12 ;
+----------------+-------+-------------------------------------+
; Parameter Name ; Value ; Type                                ;
+----------------+-------+-------------------------------------+
; N              ; 32    ; Signed Integer                      ;
+----------------+-------+-------------------------------------+
Note: In order to hide this table in the UI and the text report file, please set the "Show Parameter Settings in Synthesis Report" option in "Analysis and Synthesis Settings -> More Settings" to "Off".


+-----------------------------------------------------------------------------------------------------------------------------------------------------+
; Port Connectivity Checks: "mux_2_1:comb_12"                                                                                                         ;
+------+--------+----------+--------------------------------------------------------------------------------------------------------------------------+
; Port ; Type   ; Severity ; Details                                                                                                                  ;
+------+--------+----------+--------------------------------------------------------------------------------------------------------------------------+
; Y    ; Output ; Warning  ; Output or bidir port (32 bits) is wider than the port expression (16 bits) it drives; bit(s) "Y[31..16]" have no fanouts ;
+------+--------+----------+--------------------------------------------------------------------------------------------------------------------------+


+------------------------------------------------------------+
; Port Connectivity Checks: "register_n:ALU_result_register" ;
+------+-------+----------+----------------------------------+
; Port ; Type  ; Severity ; Details                          ;
+------+-------+----------+----------------------------------+
; load ; Input ; Info     ; Stuck at VCC                     ;
+------+-------+----------+----------------------------------+


+---------------------------------------------------------------------------------------------------------------------------------------------------------------+
; Port Connectivity Checks: "ALU:comb_11"                                                                                                                       ;
+-----------+--------+----------+-------------------------------------------------------------------------------------------------------------------------------+
; Port      ; Type   ; Severity ; Details                                                                                                                       ;
+-----------+--------+----------+-------------------------------------------------------------------------------------------------------------------------------+
; RESULT    ; Output ; Warning  ; Output or bidir port (33 bits) is wider than the port expression (32 bits) it drives; bit(s) "RESULT[32..32]" have no fanouts ;
; zero      ; Output ; Info     ; Explicitly unconnected                                                                                                        ;
; carry_out ; Output ; Info     ; Explicitly unconnected                                                                                                        ;
; overflow  ; Output ; Info     ; Explicitly unconnected                                                                                                        ;
+-----------+--------+----------+-------------------------------------------------------------------------------------------------------------------------------+


+---------------------------------------------+
; Port Connectivity Checks: "mux_4_1:comb_10" ;
+----------+-------+----------+---------------+
; Port     ; Type  ; Severity ; Details       ;
+----------+-------+----------+---------------+
; B[31..3] ; Input ; Info     ; Stuck at GND  ;
; B[1..0]  ; Input ; Info     ; Stuck at GND  ;
; B[2]     ; Input ; Info     ; Stuck at VCC  ;
+----------+-------+----------+---------------+


+-------------------------------------------------------------------------------------------------------------------------------------------------------------------------+
; Port Connectivity Checks: "mux_2_1:comb_9"                                                                                                                              ;
+------+-------+----------+-----------------------------------------------------------------------------------------------------------------------------------------------+
; Port ; Type  ; Severity ; Details                                                                                                                                       ;
+------+-------+----------+-----------------------------------------------------------------------------------------------------------------------------------------------+
; A    ; Input ; Warning  ; Input port expression (16 bits) is smaller than the input port (32 bits) it drives.  Extra input bit(s) "A[31..16]" will be connected to GND. ;
+------+-------+----------+-----------------------------------------------------------------------------------------------------------------------------------------------+


+---------------------------------------------------+
; Port Connectivity Checks: "register_n:B_register" ;
+------+-------+----------+-------------------------+
; Port ; Type  ; Severity ; Details                 ;
+------+-------+----------+-------------------------+
; load ; Input ; Info     ; Stuck at VCC            ;
+------+-------+----------+-------------------------+


+---------------------------------------------------+
; Port Connectivity Checks: "register_n:A_register" ;
+------+-------+----------+-------------------------+
; Port ; Type  ; Severity ; Details                 ;
+------+-------+----------+-------------------------+
; load ; Input ; Info     ; Stuck at VCC            ;
+------+-------+----------+-------------------------+


+-----------------------------------------------+
; Port Connectivity Checks: "register_file:uut" ;
+------+-------+----------+---------------------+
; Port ; Type  ; Severity ; Details             ;
+------+-------+----------+---------------------+
; RD   ; Input ; Info     ; Stuck at VCC        ;
; EN   ; Input ; Info     ; Stuck at VCC        ;
+------+-------+----------+---------------------+


+------------------------------------------------------+
; Port Connectivity Checks: "register_n:data_register" ;
+------+-------+----------+----------------------------+
; Port ; Type  ; Severity ; Details                    ;
+------+-------+----------+----------------------------+
; load ; Input ; Info     ; Stuck at VCC               ;
+------+-------+----------+----------------------------+


+---------------------------------------------------------------------------------------------------------------------+
; Port Connectivity Checks: "register_n:instruction_register"                                                         ;
+-----------+--------+----------+-------------------------------------------------------------------------------------+
; Port      ; Type   ; Severity ; Details                                                                             ;
+-----------+--------+----------+-------------------------------------------------------------------------------------+
; Q[31..26] ; Output ; Info     ; Connected to dangling logic. Logic that only feeds a dangling port will be removed. ;
+-----------+--------+----------+-------------------------------------------------------------------------------------+


+-----------------------------------------------------------------------------------------------------------------------------------------------------------------------+
; Port Connectivity Checks: "Instr_Data_Memory:comb_4|mux_2_1:comb_5"                                                                                                   ;
+------+-------+----------+---------------------------------------------------------------------------------------------------------------------------------------------+
; Port ; Type  ; Severity ; Details                                                                                                                                     ;
+------+-------+----------+---------------------------------------------------------------------------------------------------------------------------------------------+
; A    ; Input ; Warning  ; Input port expression (1 bits) is smaller than the input port (32 bits) it drives.  Extra input bit(s) "A[31..1]" will be connected to GND. ;
; B    ; Input ; Warning  ; Input port expression (1 bits) is smaller than the input port (32 bits) it drives.  Extra input bit(s) "B[31..1]" will be connected to GND. ;
+------+-------+----------+---------------------------------------------------------------------------------------------------------------------------------------------+


+---------------------------------------------------------------------------------------------------------------------------------------------------------------------------+
; Port Connectivity Checks: "Instr_Data_Memory:comb_4|single_port_ram:comb_4"                                                                                               ;
+------+--------+----------+------------------------------------------------------------------------------------------------------------------------------------------------+
; Port ; Type   ; Severity ; Details                                                                                                                                        ;
+------+--------+----------+------------------------------------------------------------------------------------------------------------------------------------------------+
; addr ; Input  ; Warning  ; Input port expression (1 bits) is smaller than the input port (16 bits) it drives.  Extra input bit(s) "addr[15..1]" will be connected to GND. ;
; q    ; Output ; Warning  ; Output or bidir port (32 bits) is wider than the port expression (1 bits) it drives; bit(s) "q[31..1]" have no fanouts                         ;
+------+--------+----------+------------------------------------------------------------------------------------------------------------------------------------------------+


+---------------------------------------------------------------------------------------------------------------------------------------------------------------------------+
; Port Connectivity Checks: "Instr_Data_Memory:comb_4|ROM_single_port:comb_3"                                                                                               ;
+------+--------+----------+------------------------------------------------------------------------------------------------------------------------------------------------+
; Port ; Type   ; Severity ; Details                                                                                                                                        ;
+------+--------+----------+------------------------------------------------------------------------------------------------------------------------------------------------+
; addr ; Input  ; Warning  ; Input port expression (1 bits) is smaller than the input port (16 bits) it drives.  Extra input bit(s) "addr[15..1]" will be connected to GND. ;
; q    ; Output ; Warning  ; Output or bidir port (32 bits) is wider than the port expression (1 bits) it drives; bit(s) "q[31..1]" have no fanouts                         ;
+------+--------+----------+------------------------------------------------------------------------------------------------------------------------------------------------+


+-----------------------------------------------------+
; Post-Synthesis Netlist Statistics for Top Partition ;
+-------------------+---------------------------------+
; Type              ; Count                           ;
+-------------------+---------------------------------+
; boundary_port     ; 33                              ;
;                   ;                                 ;
; Max LUT depth     ; 0.00                            ;
; Average LUT depth ; 0.00                            ;
+-------------------+---------------------------------+


+-------------------------------+
; Elapsed Time Per Partition    ;
+----------------+--------------+
; Partition Name ; Elapsed Time ;
+----------------+--------------+
; Top            ; 00:00:00     ;
+----------------+--------------+


+-------------------------------+
; Analysis & Synthesis Messages ;
+-------------------------------+
Info: *******************************************************************
Info: Running Quartus Prime Analysis & Synthesis
    Info: Version 20.1.1 Build 720 11/11/2020 SJ Lite Edition
    Info: Processing started: Sat Nov 20 11:39:52 2021
Info: Command: quartus_map --read_settings_files=on --write_settings_files=off mips -c mips
Warning (18236): Number of processors has not been specified which may cause overloading on shared machines.  Set the global assignment NUM_PARALLEL_PROCESSORS in your QSF to an appropriate value for best performance.
Info (20030): Parallel compilation is enabled and will use 4 of the 4 processors detected
Info (12021): Found 1 design units, including 1 entities, in source file Sources/mips.v
    Info (12023): Found entity 1: mips File: /home/vmrod/devel/quartus/mips/Sources/mips.v Line: 4
Info (12021): Found 1 design units, including 1 entities, in source file Sources/ROM_single_port.v
    Info (12023): Found entity 1: ROM_single_port File: /home/vmrod/devel/quartus/mips/Sources/ROM_single_port.v Line: 2
Warning (10263): Verilog HDL Event Control warning at register_file.v(50): event expression contains "|" or "||" File: /home/vmrod/devel/quartus/mips/Sources/register_file.v Line: 50
Info (12021): Found 1 design units, including 1 entities, in source file Sources/register_file.v
    Info (12023): Found entity 1: register_file File: /home/vmrod/devel/quartus/mips/Sources/register_file.v Line: 3
Info (12021): Found 1 design units, including 1 entities, in source file Sources/register_n.v
    Info (12023): Found entity 1: register_n File: /home/vmrod/devel/quartus/mips/Sources/register_n.v Line: 23
Info (12021): Found 1 design units, including 1 entities, in source file Sources/ALU.v
    Info (12023): Found entity 1: ALU File: /home/vmrod/devel/quartus/mips/Sources/ALU.v Line: 8
Info (12021): Found 1 design units, including 1 entities, in source file Sources/mux_2_1.v
    Info (12023): Found entity 1: mux_2_1 File: /home/vmrod/devel/quartus/mips/Sources/mux_2_1.v Line: 9
Info (12021): Found 1 design units, including 1 entities, in source file Sources/zero_extend.v
    Info (12023): Found entity 1: zero_extend File: /home/vmrod/devel/quartus/mips/Sources/zero_extend.v Line: 1
Info (12021): Found 1 design units, including 1 entities, in source file Sources/sign_extend.v
    Info (12023): Found entity 1: sign_extend File: /home/vmrod/devel/quartus/mips/Sources/sign_extend.v Line: 1
Info (12021): Found 1 design units, including 1 entities, in source file Sources/mux_4_1.v
    Info (12023): Found entity 1: mux_4_1 File: /home/vmrod/devel/quartus/mips/Sources/mux_4_1.v Line: 8
Info (12021): Found 1 design units, including 1 entities, in source file Sources/single_port_ram.v
    Info (12023): Found entity 1: single_port_ram File: /home/vmrod/devel/quartus/mips/Sources/single_port_ram.v Line: 3
Info (12021): Found 1 design units, including 1 entities, in source file Sources/Instr_Data_Memory.v
    Info (12023): Found entity 1: Instr_Data_Memory File: /home/vmrod/devel/quartus/mips/Sources/Instr_Data_Memory.v Line: 2
Warning (10236): Verilog HDL Implicit Net warning at Instr_Data_Memory.v(13): created implicit net for "Adr" File: /home/vmrod/devel/quartus/mips/Sources/Instr_Data_Memory.v Line: 13
Warning (10236): Verilog HDL Implicit Net warning at Instr_Data_Memory.v(15): created implicit net for "instruction" File: /home/vmrod/devel/quartus/mips/Sources/Instr_Data_Memory.v Line: 15
Warning (10236): Verilog HDL Implicit Net warning at Instr_Data_Memory.v(22): created implicit net for "data" File: /home/vmrod/devel/quartus/mips/Sources/Instr_Data_Memory.v Line: 22
Critical Warning (10846): Verilog HDL Instantiation warning at mips.v(50): instance has no name File: /home/vmrod/devel/quartus/mips/Sources/mips.v Line: 50
Critical Warning (10846): Verilog HDL Instantiation warning at Instr_Data_Memory.v(15): instance has no name File: /home/vmrod/devel/quartus/mips/Sources/Instr_Data_Memory.v Line: 15
Critical Warning (10846): Verilog HDL Instantiation warning at Instr_Data_Memory.v(22): instance has no name File: /home/vmrod/devel/quartus/mips/Sources/Instr_Data_Memory.v Line: 22
Critical Warning (10846): Verilog HDL Instantiation warning at Instr_Data_Memory.v(24): instance has no name File: /home/vmrod/devel/quartus/mips/Sources/Instr_Data_Memory.v Line: 24
Critical Warning (10846): Verilog HDL Instantiation warning at mips.v(58): instance has no name File: /home/vmrod/devel/quartus/mips/Sources/mips.v Line: 58
Critical Warning (10846): Verilog HDL Instantiation warning at mips.v(63): instance has no name File: /home/vmrod/devel/quartus/mips/Sources/mips.v Line: 63
Critical Warning (10846): Verilog HDL Instantiation warning at mips.v(64): instance has no name File: /home/vmrod/devel/quartus/mips/Sources/mips.v Line: 64
Critical Warning (10846): Verilog HDL Instantiation warning at mips.v(83): instance has no name File: /home/vmrod/devel/quartus/mips/Sources/mips.v Line: 83
Critical Warning (10846): Verilog HDL Instantiation warning at mips.v(84): instance has no name File: /home/vmrod/devel/quartus/mips/Sources/mips.v Line: 84
Critical Warning (10846): Verilog HDL Instantiation warning at mips.v(86): instance has no name File: /home/vmrod/devel/quartus/mips/Sources/mips.v Line: 86
Critical Warning (10846): Verilog HDL Instantiation warning at mips.v(88): instance has no name File: /home/vmrod/devel/quartus/mips/Sources/mips.v Line: 88
Critical Warning (10846): Verilog HDL Instantiation warning at mips.v(98): instance has no name File: /home/vmrod/devel/quartus/mips/Sources/mips.v Line: 98
Critical Warning (10846): Verilog HDL Instantiation warning at mips.v(102): instance has no name File: /home/vmrod/devel/quartus/mips/Sources/mips.v Line: 102
Info (12127): Elaborating entity "mips" for the top level hierarchy
Info (12128): Elaborating entity "register_n" for hierarchy "register_n:PC_register" File: /home/vmrod/devel/quartus/mips/Sources/mips.v Line: 48
Warning (10230): Verilog HDL assignment warning at register_n.v(34): truncated value with size 32 to match size of target (16) File: /home/vmrod/devel/quartus/mips/Sources/register_n.v Line: 34
Info (12128): Elaborating entity "mux_2_1" for hierarchy "mux_2_1:comb_3" File: /home/vmrod/devel/quartus/mips/Sources/mips.v Line: 50
Info (12128): Elaborating entity "Instr_Data_Memory" for hierarchy "Instr_Data_Memory:comb_4" File: /home/vmrod/devel/quartus/mips/Sources/mips.v Line: 58
Info (12128): Elaborating entity "ROM_single_port" for hierarchy "Instr_Data_Memory:comb_4|ROM_single_port:comb_3" File: /home/vmrod/devel/quartus/mips/Sources/Instr_Data_Memory.v Line: 15
Warning (10850): Verilog HDL warning at ROM_single_port.v(9): number of words (128) in memory file does not match the number of elements in the address range [0:65535] File: /home/vmrod/devel/quartus/mips/Sources/ROM_single_port.v Line: 9
Warning (10030): Net "rom.data_a" at ROM_single_port.v(6) has no driver or initial value, using a default initial value '0' File: /home/vmrod/devel/quartus/mips/Sources/ROM_single_port.v Line: 6
Warning (10030): Net "rom.waddr_a" at ROM_single_port.v(6) has no driver or initial value, using a default initial value '0' File: /home/vmrod/devel/quartus/mips/Sources/ROM_single_port.v Line: 6
Warning (10030): Net "rom.we_a" at ROM_single_port.v(6) has no driver or initial value, using a default initial value '0' File: /home/vmrod/devel/quartus/mips/Sources/ROM_single_port.v Line: 6
Info (12128): Elaborating entity "single_port_ram" for hierarchy "Instr_Data_Memory:comb_4|single_port_ram:comb_4" File: /home/vmrod/devel/quartus/mips/Sources/Instr_Data_Memory.v Line: 22
Info (12128): Elaborating entity "mux_2_1" for hierarchy "Instr_Data_Memory:comb_4|mux_2_1:comb_5" File: /home/vmrod/devel/quartus/mips/Sources/Instr_Data_Memory.v Line: 24
Info (12128): Elaborating entity "register_n" for hierarchy "register_n:instruction_register" File: /home/vmrod/devel/quartus/mips/Sources/mips.v Line: 60
Info (12128): Elaborating entity "mux_2_1" for hierarchy "mux_2_1:comb_5" File: /home/vmrod/devel/quartus/mips/Sources/mips.v Line: 63
Info (12128): Elaborating entity "register_file" for hierarchy "register_file:uut" File: /home/vmrod/devel/quartus/mips/Sources/mips.v Line: 78
Info (12128): Elaborating entity "sign_extend" for hierarchy "sign_extend:comb_7" File: /home/vmrod/devel/quartus/mips/Sources/mips.v Line: 83
Info (12128): Elaborating entity "zero_extend" for hierarchy "zero_extend:comb_8" File: /home/vmrod/devel/quartus/mips/Sources/mips.v Line: 84
Info (12128): Elaborating entity "mux_4_1" for hierarchy "mux_4_1:comb_10" File: /home/vmrod/devel/quartus/mips/Sources/mips.v Line: 88
Info (12128): Elaborating entity "ALU" for hierarchy "ALU:comb_11" File: /home/vmrod/devel/quartus/mips/Sources/mips.v Line: 98
Warning (10235): Verilog HDL Always Construct warning at ALU.v(26): variable "A" is read inside the Always Construct but isn't in the Always Construct's Event Control File: /home/vmrod/devel/quartus/mips/Sources/ALU.v Line: 26
Warning (10235): Verilog HDL Always Construct warning at ALU.v(26): variable "B" is read inside the Always Construct but isn't in the Always Construct's Event Control File: /home/vmrod/devel/quartus/mips/Sources/ALU.v Line: 26
Warning (10235): Verilog HDL Always Construct warning at ALU.v(27): variable "RESULT" is read inside the Always Construct but isn't in the Always Construct's Event Control File: /home/vmrod/devel/quartus/mips/Sources/ALU.v Line: 27
Warning (10235): Verilog HDL Always Construct warning at ALU.v(28): variable "A" is read inside the Always Construct but isn't in the Always Construct's Event Control File: /home/vmrod/devel/quartus/mips/Sources/ALU.v Line: 28
Warning (10235): Verilog HDL Always Construct warning at ALU.v(28): variable "B" is read inside the Always Construct but isn't in the Always Construct's Event Control File: /home/vmrod/devel/quartus/mips/Sources/ALU.v Line: 28
Warning (10235): Verilog HDL Always Construct warning at ALU.v(28): variable "RESULT" is read inside the Always Construct but isn't in the Always Construct's Event Control File: /home/vmrod/devel/quartus/mips/Sources/ALU.v Line: 28
Warning (10235): Verilog HDL Always Construct warning at ALU.v(32): variable "A" is read inside the Always Construct but isn't in the Always Construct's Event Control File: /home/vmrod/devel/quartus/mips/Sources/ALU.v Line: 32
Warning (10235): Verilog HDL Always Construct warning at ALU.v(32): variable "B" is read inside the Always Construct but isn't in the Always Construct's Event Control File: /home/vmrod/devel/quartus/mips/Sources/ALU.v Line: 32
Warning (10235): Verilog HDL Always Construct warning at ALU.v(33): variable "RESULT" is read inside the Always Construct but isn't in the Always Construct's Event Control File: /home/vmrod/devel/quartus/mips/Sources/ALU.v Line: 33
Warning (10235): Verilog HDL Always Construct warning at ALU.v(37): variable "B" is read inside the Always Construct but isn't in the Always Construct's Event Control File: /home/vmrod/devel/quartus/mips/Sources/ALU.v Line: 37
Warning (10235): Verilog HDL Always Construct warning at ALU.v(41): variable "A" is read inside the Always Construct but isn't in the Always Construct's Event Control File: /home/vmrod/devel/quartus/mips/Sources/ALU.v Line: 41
Warning (10235): Verilog HDL Always Construct warning at ALU.v(41): variable "B" is read inside the Always Construct but isn't in the Always Construct's Event Control File: /home/vmrod/devel/quartus/mips/Sources/ALU.v Line: 41
Warning (10235): Verilog HDL Always Construct warning at ALU.v(42): variable "RESULT" is read inside the Always Construct but isn't in the Always Construct's Event Control File: /home/vmrod/devel/quartus/mips/Sources/ALU.v Line: 42
Warning (10235): Verilog HDL Always Construct warning at ALU.v(43): variable "A" is read inside the Always Construct but isn't in the Always Construct's Event Control File: /home/vmrod/devel/quartus/mips/Sources/ALU.v Line: 43
Warning (10235): Verilog HDL Always Construct warning at ALU.v(43): variable "B" is read inside the Always Construct but isn't in the Always Construct's Event Control File: /home/vmrod/devel/quartus/mips/Sources/ALU.v Line: 43
Warning (10235): Verilog HDL Always Construct warning at ALU.v(43): variable "RESULT" is read inside the Always Construct but isn't in the Always Construct's Event Control File: /home/vmrod/devel/quartus/mips/Sources/ALU.v Line: 43
Warning (10235): Verilog HDL Always Construct warning at ALU.v(47): variable "A" is read inside the Always Construct but isn't in the Always Construct's Event Control File: /home/vmrod/devel/quartus/mips/Sources/ALU.v Line: 47
Warning (10235): Verilog HDL Always Construct warning at ALU.v(47): variable "B" is read inside the Always Construct but isn't in the Always Construct's Event Control File: /home/vmrod/devel/quartus/mips/Sources/ALU.v Line: 47
Warning (10235): Verilog HDL Always Construct warning at ALU.v(51): variable "A" is read inside the Always Construct but isn't in the Always Construct's Event Control File: /home/vmrod/devel/quartus/mips/Sources/ALU.v Line: 51
Warning (10235): Verilog HDL Always Construct warning at ALU.v(51): variable "B" is read inside the Always Construct but isn't in the Always Construct's Event Control File: /home/vmrod/devel/quartus/mips/Sources/ALU.v Line: 51
Warning (10235): Verilog HDL Always Construct warning at ALU.v(55): variable "A" is read inside the Always Construct but isn't in the Always Construct's Event Control File: /home/vmrod/devel/quartus/mips/Sources/ALU.v Line: 55
Warning (10235): Verilog HDL Always Construct warning at ALU.v(59): variable "A" is read inside the Always Construct but isn't in the Always Construct's Event Control File: /home/vmrod/devel/quartus/mips/Sources/ALU.v Line: 59
Warning (10235): Verilog HDL Always Construct warning at ALU.v(59): variable "B" is read inside the Always Construct but isn't in the Always Construct's Event Control File: /home/vmrod/devel/quartus/mips/Sources/ALU.v Line: 59
Warning (10235): Verilog HDL Always Construct warning at ALU.v(63): variable "A" is read inside the Always Construct but isn't in the Always Construct's Event Control File: /home/vmrod/devel/quartus/mips/Sources/ALU.v Line: 63
Warning (10235): Verilog HDL Always Construct warning at ALU.v(63): variable "B" is read inside the Always Construct but isn't in the Always Construct's Event Control File: /home/vmrod/devel/quartus/mips/Sources/ALU.v Line: 63
Warning (10235): Verilog HDL Always Construct warning at ALU.v(67): variable "A" is read inside the Always Construct but isn't in the Always Construct's Event Control File: /home/vmrod/devel/quartus/mips/Sources/ALU.v Line: 67
Warning (10235): Verilog HDL Always Construct warning at ALU.v(67): variable "B" is read inside the Always Construct but isn't in the Always Construct's Event Control File: /home/vmrod/devel/quartus/mips/Sources/ALU.v Line: 67
Warning (10240): Verilog HDL Always Construct warning at ALU.v(21): inferring latch(es) for variable "carry_out", which holds its previous value in one or more paths through the always construct File: /home/vmrod/devel/quartus/mips/Sources/ALU.v Line: 21
Warning (10240): Verilog HDL Always Construct warning at ALU.v(21): inferring latch(es) for variable "overflow", which holds its previous value in one or more paths through the always construct File: /home/vmrod/devel/quartus/mips/Sources/ALU.v Line: 21
Info (10041): Inferred latch for "overflow" at ALU.v(21) File: /home/vmrod/devel/quartus/mips/Sources/ALU.v Line: 21
Info (10041): Inferred latch for "carry_out" at ALU.v(21) File: /home/vmrod/devel/quartus/mips/Sources/ALU.v Line: 21
Warning (12011): Net is missing source, defaulting to GND
    Warning (12110): Net "Instr_Data_Memory:comb_4|Adr" is missing source, defaulting to GND File: /home/vmrod/devel/quartus/mips/Sources/Instr_Data_Memory.v Line: 13
Warning (12241): 6 hierarchies have connectivity warnings - see the Connectivity Checks report folder
Info (144001): Generated suppressed messages file /home/vmrod/devel/quartus/mips/output_files/mips.map.smsg
Info (16010): Generating hard_block partition "hard_block:auto_generated_inst"
    Info (16011): Adding 0 node(s), including 0 DDIO, 0 PLL, 0 transceiver and 0 LCELL
Warning (21074): Design contains 33 input pin(s) that do not drive logic
    Warning (15610): No output dependent on input pin "initial_address[0]" File: /home/vmrod/devel/quartus/mips/Sources/mips.v Line: 6
    Warning (15610): No output dependent on input pin "initial_address[1]" File: /home/vmrod/devel/quartus/mips/Sources/mips.v Line: 6
    Warning (15610): No output dependent on input pin "initial_address[2]" File: /home/vmrod/devel/quartus/mips/Sources/mips.v Line: 6
    Warning (15610): No output dependent on input pin "initial_address[3]" File: /home/vmrod/devel/quartus/mips/Sources/mips.v Line: 6
    Warning (15610): No output dependent on input pin "initial_address[4]" File: /home/vmrod/devel/quartus/mips/Sources/mips.v Line: 6
    Warning (15610): No output dependent on input pin "initial_address[5]" File: /home/vmrod/devel/quartus/mips/Sources/mips.v Line: 6
    Warning (15610): No output dependent on input pin "initial_address[6]" File: /home/vmrod/devel/quartus/mips/Sources/mips.v Line: 6
    Warning (15610): No output dependent on input pin "initial_address[7]" File: /home/vmrod/devel/quartus/mips/Sources/mips.v Line: 6
    Warning (15610): No output dependent on input pin "initial_address[8]" File: /home/vmrod/devel/quartus/mips/Sources/mips.v Line: 6
    Warning (15610): No output dependent on input pin "initial_address[9]" File: /home/vmrod/devel/quartus/mips/Sources/mips.v Line: 6
    Warning (15610): No output dependent on input pin "initial_address[10]" File: /home/vmrod/devel/quartus/mips/Sources/mips.v Line: 6
    Warning (15610): No output dependent on input pin "initial_address[11]" File: /home/vmrod/devel/quartus/mips/Sources/mips.v Line: 6
    Warning (15610): No output dependent on input pin "initial_address[12]" File: /home/vmrod/devel/quartus/mips/Sources/mips.v Line: 6
    Warning (15610): No output dependent on input pin "initial_address[13]" File: /home/vmrod/devel/quartus/mips/Sources/mips.v Line: 6
    Warning (15610): No output dependent on input pin "initial_address[14]" File: /home/vmrod/devel/quartus/mips/Sources/mips.v Line: 6
    Warning (15610): No output dependent on input pin "initial_address[15]" File: /home/vmrod/devel/quartus/mips/Sources/mips.v Line: 6
    Warning (15610): No output dependent on input pin "PCWrite" File: /home/vmrod/devel/quartus/mips/Sources/mips.v Line: 8
    Warning (15610): No output dependent on input pin "IorD" File: /home/vmrod/devel/quartus/mips/Sources/mips.v Line: 9
    Warning (15610): No output dependent on input pin "MemWrite" File: /home/vmrod/devel/quartus/mips/Sources/mips.v Line: 10
    Warning (15610): No output dependent on input pin "IRWrite" File: /home/vmrod/devel/quartus/mips/Sources/mips.v Line: 11
    Warning (15610): No output dependent on input pin "RegDst" File: /home/vmrod/devel/quartus/mips/Sources/mips.v Line: 12
    Warning (15610): No output dependent on input pin "MemtoReg" File: /home/vmrod/devel/quartus/mips/Sources/mips.v Line: 13
    Warning (15610): No output dependent on input pin "RegWrite" File: /home/vmrod/devel/quartus/mips/Sources/mips.v Line: 14
    Warning (15610): No output dependent on input pin "ALUSrcA" File: /home/vmrod/devel/quartus/mips/Sources/mips.v Line: 15
    Warning (15610): No output dependent on input pin "ALUSrcB[0]" File: /home/vmrod/devel/quartus/mips/Sources/mips.v Line: 16
    Warning (15610): No output dependent on input pin "ALUSrcB[1]" File: /home/vmrod/devel/quartus/mips/Sources/mips.v Line: 16
    Warning (15610): No output dependent on input pin "ALUControl[0]" File: /home/vmrod/devel/quartus/mips/Sources/mips.v Line: 17
    Warning (15610): No output dependent on input pin "ALUControl[1]" File: /home/vmrod/devel/quartus/mips/Sources/mips.v Line: 17
    Warning (15610): No output dependent on input pin "ALUControl[2]" File: /home/vmrod/devel/quartus/mips/Sources/mips.v Line: 17
    Warning (15610): No output dependent on input pin "ALUControl[3]" File: /home/vmrod/devel/quartus/mips/Sources/mips.v Line: 17
    Warning (15610): No output dependent on input pin "clk" File: /home/vmrod/devel/quartus/mips/Sources/mips.v Line: 18
    Warning (15610): No output dependent on input pin "rst" File: /home/vmrod/devel/quartus/mips/Sources/mips.v Line: 19
    Warning (15610): No output dependent on input pin "PCSrc" File: /home/vmrod/devel/quartus/mips/Sources/mips.v Line: 21
Info (21057): Implemented 33 device resources after synthesis - the final resource count might be different
    Info (21058): Implemented 33 input pins
    Info (21059): Implemented 0 output pins
Info: Quartus Prime Analysis & Synthesis was successful. 0 errors, 89 warnings
    Info: Peak virtual memory: 692 megabytes
    Info: Processing ended: Sat Nov 20 11:39:58 2021
    Info: Elapsed time: 00:00:06
    Info: Total CPU time (on all processors): 00:00:16


+------------------------------------------+
; Analysis & Synthesis Suppressed Messages ;
+------------------------------------------+
The suppressed messages can be found in /home/vmrod/devel/quartus/mips/output_files/mips.map.smsg.


